  GameEngine.cpp
C:\Users\aaron\Documents\GitHub\Space-Invaders-Plus\Space Invaders Plus\Space Invaders Plus\GameEngine.cpp(5,46): warning C4244: '=': conversion from 'unsigned int' to 'T', possible loss of data
          with
          [
              T=float
          ]
C:\Users\aaron\Documents\GitHub\Space-Invaders-Plus\Space Invaders Plus\Space Invaders Plus\GameEngine.cpp(6,46): warning C4244: '=': conversion from 'unsigned int' to 'T', possible loss of data
          with
          [
              T=float
          ]
C:\Users\aaron\Documents\GitHub\Space-Invaders-Plus\Space Invaders Plus\Space Invaders Plus\GameEngine.cpp(8,56): warning C4244: 'argument': conversion from 'T' to 'unsigned int', possible loss of data
          with
          [
              T=float
          ]
C:\Users\aaron\Documents\GitHub\Space-Invaders-Plus\Space Invaders Plus\Space Invaders Plus\GameEngine.cpp(8,40): warning C4244: 'argument': conversion from 'T' to 'unsigned int', possible loss of data
          with
          [
              T=float
          ]
C:\Users\aaron\Documents\GitHub\Space-Invaders-Plus\Space Invaders Plus\Space Invaders Plus\GameEngine.cpp(9): error C2259: 'ScreenManager': cannot instantiate abstract class
C:\Users\aaron\Documents\GitHub\Space-Invaders-Plus\Space Invaders Plus\Space Invaders Plus\ScreenManager.h(17): message : see declaration of 'ScreenManager'
C:\Users\aaron\Documents\GitHub\Space-Invaders-Plus\Space Invaders Plus\Space Invaders Plus\GameEngine.cpp(9): message : due to following members:
C:\Users\aaron\Documents\GitHub\Space-Invaders-Plus\Space Invaders Plus\Space Invaders Plus\GameEngine.cpp(9): message : 'void ScreenManagerRemoteControl::SwitchScreen(std::string)': is abstract
C:\Users\aaron\Documents\GitHub\Space-Invaders-Plus\Space Invaders Plus\Space Invaders Plus\ScreenManagerRemoteControl.h(14): message : see declaration of 'ScreenManagerRemoteControl::SwitchScreen'
C:\Users\aaron\Documents\GitHub\Space-Invaders-Plus\Space Invaders Plus\Space Invaders Plus\GameEngine.cpp(9): message : 'void ScreenManagerRemoteControl::loadLevelInPlayMode(std::string)': is abstract
C:\Users\aaron\Documents\GitHub\Space-Invaders-Plus\Space Invaders Plus\Space Invaders Plus\ScreenManagerRemoteControl.h(15): message : see declaration of 'ScreenManagerRemoteControl::loadLevelInPlayMode'
C:\Users\aaron\Documents\GitHub\Space-Invaders-Plus\Space Invaders Plus\Space Invaders Plus\GameEngine.cpp(9): message : 'std::vector<GameObject,std::allocator<GameObject>> &ScreenManagerRemoteControl::getGameObject(void)': is abstract
C:\Users\aaron\Documents\GitHub\Space-Invaders-Plus\Space Invaders Plus\Space Invaders Plus\ScreenManagerRemoteControl.h(16): message : see declaration of 'ScreenManagerRemoteControl::getGameObject'
C:\Users\aaron\Documents\GitHub\Space-Invaders-Plus\Space Invaders Plus\Space Invaders Plus\GameEngine.cpp(9): message : 'GameObjectSharer &ScreenManagerRemoteControl::shareGameObjectSharer(void)': is abstract
C:\Users\aaron\Documents\GitHub\Space-Invaders-Plus\Space Invaders Plus\Space Invaders Plus\ScreenManagerRemoteControl.h(17): message : see declaration of 'ScreenManagerRemoteControl::shareGameObjectSharer'
C:\Users\aaron\Documents\GitHub\Space-Invaders-Plus\Space Invaders Plus\Space Invaders Plus\GameEngine.cpp(9,101): warning C4244: 'argument': conversion from 'T' to 'T', possible loss of data
          with
          [
              T=float
          ]
          and
          [
              T=int
          ]
C:\Users\aaron\Documents\GitHub\Space-Invaders-Plus\Space Invaders Plus\Space Invaders Plus\GameEngine.cpp(9,85): warning C4244: 'argument': conversion from 'T' to 'T', possible loss of data
          with
          [
              T=float
          ]
          and
          [
              T=int
          ]
C:\Users\aaron\Documents\GitHub\Space-Invaders-Plus\Space Invaders Plus\Space Invaders Plus\GameEngine.cpp(9,63): error C2259: 'ScreenManager': cannot instantiate abstract class
C:\Users\aaron\Documents\GitHub\Space-Invaders-Plus\Space Invaders Plus\Space Invaders Plus\ScreenManager.h(17): message : see declaration of 'ScreenManager'
C:\Users\aaron\Documents\GitHub\Space-Invaders-Plus\Space Invaders Plus\Space Invaders Plus\GameEngine.cpp(9,63): message : due to following members:
C:\Users\aaron\Documents\GitHub\Space-Invaders-Plus\Space Invaders Plus\Space Invaders Plus\GameEngine.cpp(9,63): message : 'void ScreenManagerRemoteControl::SwitchScreen(std::string)': is abstract
C:\Users\aaron\Documents\GitHub\Space-Invaders-Plus\Space Invaders Plus\Space Invaders Plus\ScreenManagerRemoteControl.h(14): message : see declaration of 'ScreenManagerRemoteControl::SwitchScreen'
C:\Users\aaron\Documents\GitHub\Space-Invaders-Plus\Space Invaders Plus\Space Invaders Plus\GameEngine.cpp(9,63): message : 'void ScreenManagerRemoteControl::loadLevelInPlayMode(std::string)': is abstract
C:\Users\aaron\Documents\GitHub\Space-Invaders-Plus\Space Invaders Plus\Space Invaders Plus\ScreenManagerRemoteControl.h(15): message : see declaration of 'ScreenManagerRemoteControl::loadLevelInPlayMode'
C:\Users\aaron\Documents\GitHub\Space-Invaders-Plus\Space Invaders Plus\Space Invaders Plus\GameEngine.cpp(9,63): message : 'std::vector<GameObject,std::allocator<GameObject>> &ScreenManagerRemoteControl::getGameObject(void)': is abstract
C:\Users\aaron\Documents\GitHub\Space-Invaders-Plus\Space Invaders Plus\Space Invaders Plus\ScreenManagerRemoteControl.h(16): message : see declaration of 'ScreenManagerRemoteControl::getGameObject'
C:\Users\aaron\Documents\GitHub\Space-Invaders-Plus\Space Invaders Plus\Space Invaders Plus\GameEngine.cpp(9,63): message : 'GameObjectSharer &ScreenManagerRemoteControl::shareGameObjectSharer(void)': is abstract
C:\Users\aaron\Documents\GitHub\Space-Invaders-Plus\Space Invaders Plus\Space Invaders Plus\ScreenManagerRemoteControl.h(17): message : see declaration of 'ScreenManagerRemoteControl::shareGameObjectSharer'
  GameScreen.cpp
C:\Users\aaron\Documents\GitHub\Space-Invaders-Plus\Space Invaders Plus\Space Invaders Plus\GameScreen.cpp(23,20): warning C4244: 'initializing': conversion from 'unsigned int' to 'float', possible loss of data
C:\Users\aaron\Documents\GitHub\Space-Invaders-Plus\Space Invaders Plus\Space Invaders Plus\GameScreen.cpp(25,53): warning C4244: '=': conversion from 'float' to 'int', possible loss of data
C:\Users\aaron\Documents\GitHub\Space-Invaders-Plus\Space Invaders Plus\Space Invaders Plus\GameScreen.cpp(27,54): warning C4244: 'argument': conversion from 'int' to 'float', possible loss of data
C:\Users\aaron\Documents\GitHub\Space-Invaders-Plus\Space Invaders Plus\Space Invaders Plus\GameScreen.cpp(28,82): warning C4244: 'argument': conversion from 'int' to 'T', possible loss of data
          with
          [
              T=float
          ]
C:\Program Files\Microsoft Visual Studio\2022\Community\VC\Tools\MSVC\14.31.31103\include\memory(3417,35): error C2512: 'GameOverUIPanel::GameOverUIPanel': no appropriate default constructor available
C:\Users\aaron\Documents\GitHub\Space-Invaders-Plus\Space Invaders Plus\Space Invaders Plus\GameScreen.cpp(18): message : see reference to function template instantiation 'std::unique_ptr<GameOverUIPanel,std::default_delete<GameOverUIPanel>> std::make_unique<GameOverUIPanel,,0>(void)' being compiled
  ScreenManager.cpp
  main.cpp
  Generating Code...
